{"topic_weights":[0.5000535846,0.4999464154]}
{"topic_weights":[0.5001434088,0.4998565912]}
{"topic_weights":[0.4999232292,0.5000767708]}
{"topic_weights":[0.5001434088,0.4998565912]}
{"topic_weights":[0.5001434088,0.4998565912]}
{"topic_weights":[0.5001375079,0.4998624921]}
{"topic_weights":[0.49999699,0.5000030398]}
{"topic_weights":[0.5001434088,0.4998565912]}
{"topic_weights":[0.5001434088,0.4998565912]}
{"topic_weights":[0.5001434088,0.4998565912]}
{"topic_weights":[0.5001434088,0.4998565912]}
{"topic_weights":[0.4998396933,0.5001602769]}
{"topic_weights":[0.4995297492,0.500470221]}
{"topic_weights":[0.5001036525,0.4998963475]}
{"topic_weights":[0.4998421967,0.5001577735]}
{"topic_weights":[0.5001434088,0.4998565912]}
{"topic_weights":[0.5001434088,0.4998565912]}
{"topic_weights":[0.5005215406,0.4994784892]}
{"topic_weights":[0.5001434088,0.4998565912]}
{"topic_weights":[0.5004153848,0.4995845854]}
{"topic_weights":[0.5008783937,0.4991215765]}
{"topic_weights":[0.4997699261,0.5002300739]}
{"topic_weights":[0.5001081824,0.4998918176]}
{"topic_weights":[0.4993776977,0.5006222725]}
{"topic_weights":[0.5001434088,0.4998565912]}
{"topic_weights":[0.5001434088,0.4998565912]}
{"topic_weights":[0.5001434088,0.4998565912]}
{"topic_weights":[0.5001434088,0.4998565912]}
{"topic_weights":[0.5001434088,0.4998565912]}
{"topic_weights":[0.5001434088,0.4998565912]}
{"topic_weights":[0.5001434088,0.4998565912]}
{"topic_weights":[0.5001434088,0.4998565912]}
{"topic_weights":[0.5002288222,0.499771148]}
{"topic_weights":[0.5001434088,0.4998565912]}
{"topic_weights":[0.5001434088,0.4998565912]}
{"topic_weights":[0.4998870194,0.5001129508]}
{"topic_weights":[0.5001434088,0.4998565912]}
{"topic_weights":[0.4999484718,0.5000514984]}
{"topic_weights":[0.5001487732,0.4998512864]}
{"topic_weights":[0.4999103546,0.5000895858]}
{"topic_weights":[0.5001434088,0.4998565912]}
{"topic_weights":[0.5001854897,0.4998145401]}
{"topic_weights":[0.4998936057,0.5001063347]}
{"topic_weights":[0.5001434088,0.4998565912]}
{"topic_weights":[0.5001375079,0.4998624921]}
{"topic_weights":[0.5001434088,0.4998565912]}
{"topic_weights":[0.5001434088,0.4998565912]}
{"topic_weights":[0.5001434088,0.4998565912]}
{"topic_weights":[0.5001434088,0.4998565912]}
{"topic_weights":[0.5001615286,0.4998385012]}
{"topic_weights":[0.49999699,0.5000030398]}
{"topic_weights":[0.49976933,0.50023067]}
{"topic_weights":[0.5001434088,0.4998565912]}
{"topic_weights":[0.5000371337,0.4999628961]}
{"topic_weights":[0.5001434088,0.4998565912]}
{"topic_weights":[0.4998701811,0.5001298785]}
{"topic_weights":[0.5001434088,0.4998565912]}
{"topic_weights":[0.5001434088,0.4998565912]}
{"topic_weights":[0.5001434088,0.4998565912]}
{"topic_weights":[0.5001434088,0.4998565912]}
{"topic_weights":[0.4998148382,0.5001851916]}
{"topic_weights":[0.4997608364,0.5002391338]}
{"topic_weights":[0.5000311136,0.4999689162]}
{"topic_weights":[0.5001434088,0.4998565912]}
{"topic_weights":[0.5006265044,0.4993735254]}
{"topic_weights":[0.5001000762,0.4998998642]}
{"topic_weights":[0.5001434088,0.4998565912]}
{"topic_weights":[0.500092864,0.499907136]}
{"topic_weights":[0.5001434088,0.4998565912]}
{"topic_weights":[0.4997459352,0.5002540946]}
{"topic_weights":[0.499729991,0.500270009]}
{"topic_weights":[0.5001434088,0.4998565912]}
{"topic_weights":[0.5001434088,0.4998565912]}
{"topic_weights":[0.5001434088,0.4998565912]}
{"topic_weights":[0.5001434088,0.4998565912]}
{"topic_weights":[0.499746114,0.5002539158]}
{"topic_weights":[0.5001434088,0.4998565912]}
{"topic_weights":[0.5001434088,0.4998565912]}
{"topic_weights":[0.5001434088,0.4998565912]}
{"topic_weights":[0.5001434088,0.4998565912]}
{"topic_weights":[0.4996118546,0.5003881454]}
{"topic_weights":[0.5001434088,0.4998565912]}
{"topic_weights":[0.5001434088,0.4998565912]}
{"topic_weights":[0.5001434088,0.4998565912]}
{"topic_weights":[0.5001434088,0.4998565912]}
{"topic_weights":[0.5001434088,0.4998565912]}
{"topic_weights":[0.5001375079,0.4998624921]}
{"topic_weights":[0.5001434088,0.4998565912]}
{"topic_weights":[0.4997043312,0.5002956986]}
{"topic_weights":[0.5001434088,0.4998565912]}
{"topic_weights":[0.5001434088,0.4998565912]}
{"topic_weights":[0.5001434088,0.4998565912]}
{"topic_weights":[0.5001494288,0.4998505712]}
{"topic_weights":[0.5001434088,0.4998565912]}
{"topic_weights":[0.5001434088,0.4998565912]}
{"topic_weights":[0.5001434088,0.4998565912]}
{"topic_weights":[0.500240922,0.4997591078]}
{"topic_weights":[0.5003002882,0.499699682]}
{"topic_weights":[0.5001434088,0.4998565912]}
{"topic_weights":[0.5000967383,0.4999032021]}
{"topic_weights":[0.5001434088,0.4998565912]}
{"topic_weights":[0.5001434088,0.4998565912]}
{"topic_weights":[0.5001434088,0.4998565912]}
{"topic_weights":[0.5001434088,0.4998565912]}
{"topic_weights":[0.4999126792,0.5000872612]}
{"topic_weights":[0.5001434088,0.4998565912]}
{"topic_weights":[0.5001434088,0.4998565912]}
{"topic_weights":[0.49999699,0.5000030398]}
{"topic_weights":[0.5001434088,0.4998565912]}
{"topic_weights":[0.5000616312,0.499938339]}
{"topic_weights":[0.5003125668,0.4996874034]}
{"topic_weights":[0.5001434088,0.4998565912]}
{"topic_weights":[0.5002054572,0.4997945428]}
{"topic_weights":[0.500092864,0.499907136]}
{"topic_weights":[0.4998701811,0.5001298785]}
{"topic_weights":[0.5001434088,0.4998565912]}
{"topic_weights":[0.5001434088,0.4998565912]}
{"topic_weights":[0.5007584095,0.4992415309]}
{"topic_weights":[0.4997608364,0.5002391338]}
{"topic_weights":[0.5001434088,0.4998565912]}
{"topic_weights":[0.5001434088,0.4998565912]}
{"topic_weights":[0.5001434088,0.4998565912]}
{"topic_weights":[0.4999268949,0.5000731349]}
{"topic_weights":[0.5001434088,0.4998565912]}
{"topic_weights":[0.5001081824,0.4998918176]}
{"topic_weights":[0.5004420877,0.499557972]}
{"topic_weights":[0.5001434088,0.4998565912]}
{"topic_weights":[0.5001434088,0.4998565912]}
{"topic_weights":[0.5001434088,0.4998565912]}
{"topic_weights":[0.4995867312,0.5004132986]}
{"topic_weights":[0.5000371337,0.4999628961]}
{"topic_weights":[0.5001434088,0.4998565912]}
{"topic_weights":[0.5001434088,0.4998565912]}
{"topic_weights":[0.5000967383,0.4999032021]}
{"topic_weights":[0.5001434088,0.4998565912]}
{"topic_weights":[0.4998905063,0.5001094341]}
{"topic_weights":[0.5001434088,0.4998565912]}
{"topic_weights":[0.5001434088,0.4998565912]}
{"topic_weights":[0.5001434088,0.4998565912]}
{"topic_weights":[0.5001434088,0.4998565912]}
{"topic_weights":[0.5001434088,0.4998565912]}
{"topic_weights":[0.5000616312,0.499938339]}
{"topic_weights":[0.5001494288,0.4998505712]}
{"topic_weights":[0.5001434088,0.4998565912]}
{"topic_weights":[0.5001180768,0.4998819232]}
{"topic_weights":[0.5001434088,0.4998565912]}
{"topic_weights":[0.5001434088,0.4998565912]}
{"topic_weights":[0.5000875592,0.4999123812]}
{"topic_weights":[0.4996713698,0.50032866]}
{"topic_weights":[0.5001434088,0.4998565912]}
{"topic_weights":[0.5002691746,0.4997308254]}
{"topic_weights":[0.4998800755,0.5001199245]}
{"topic_weights":[0.5001434088,0.4998565912]}
{"topic_weights":[0.5001130104,0.49988693]}
{"topic_weights":[0.5001434088,0.4998565912]}
{"topic_weights":[0.5003093481,0.4996906519]}
{"topic_weights":[0.5001434088,0.4998565912]}
{"topic_weights":[0.4996856749,0.5003142953]}
{"topic_weights":[0.5001434088,0.4998565912]}
{"topic_weights":[0.4998086095,0.5001913905]}
{"topic_weights":[0.4997799397,0.5002200603]}
{"topic_weights":[0.5001434088,0.4998565912]}
{"topic_weights":[0.5001434088,0.4998565912]}
{"topic_weights":[0.5001434088,0.4998565912]}
{"topic_weights":[0.4999268949,0.5000731349]}
{"topic_weights":[0.49999699,0.5000030398]}
{"topic_weights":[0.5002644658,0.4997354746]}
{"topic_weights":[0.4997920692,0.500207901]}
{"topic_weights":[0.5000967383,0.4999032021]}
{"topic_weights":[0.5001434088,0.4998565912]}
{"topic_weights":[0.5001434088,0.4998565912]}
{"topic_weights":[0.5001434088,0.4998565912]}
{"topic_weights":[0.5000637174,0.4999362528]}
{"topic_weights":[0.5001434088,0.4998565912]}
{"topic_weights":[0.5001000762,0.4998998642]}
{"topic_weights":[0.5001434088,0.4998565912]}
{"topic_weights":[0.5001434088,0.4998565912]}
{"topic_weights":[0.5001434088,0.4998565912]}
{"topic_weights":[0.5001434088,0.4998565912]}
{"topic_weights":[0.5001434088,0.4998565912]}
{"topic_weights":[0.5001434088,0.4998565912]}
{"topic_weights":[0.500133872,0.4998661876]}
{"topic_weights":[0.4998701811,0.5001298785]}
{"topic_weights":[0.4999086857,0.5000913143]}
{"topic_weights":[0.4998701811,0.5001298785]}
